<?xml version="1.0" encoding="UTF-8"?>
<testng-results skipped="0" failed="1" total="1" passed="0">
  <reporter-output>
  </reporter-output>
  <suite name="Suite 1" duration-ms="1061148" started-at="2013-07-18T09:19:28Z" finished-at="2013-07-18T09:37:09Z">
    <groups>
    </groups>
    <test name="PerformSearch" duration-ms="1061148" started-at="2013-07-18T09:19:28Z" finished-at="2013-07-18T09:37:09Z">
      <class name="cpa.qa.testcases.PerformSearch">
        <test-method status="FAIL" signature="doPerformSearch(java.util.Hashtable)[pri:0, instance:cpa.qa.testcases.PerformSearch@656d639c]" name="doPerformSearch" duration-ms="1061089" started-at="2013-07-18T14:49:28Z" data-provider="getData" finished-at="2013-07-18T15:07:09Z">
          <params>
            <param index="0">
              <value>
                <![CDATA[{AS_Pubnumbr_Txtbox=AS_Pubnumbr_Txtbox, AS_Findsimilar=AS_Findsimilar, AS_PriorityDateFrom_Txt1=AS_PriorityDateFrom_Txt1, Runmode=Y, KeywordText_Computer=Computer, Option_Assignee=Assignee, PWD=Pass@word17, AS_SearchAgainst_dd=AS_SearchAgainst_dd, Option_Extended Family Deduplication=Extended Family Deduplication, Turbo Charger=Turbo Charger, Publication Number option=Publication Number, Text_IBM=IBM, AS_Similarity_Txtbox=AS_Similarity_Txtbox, AS_DefaultOperator_dd=AS_DefaultOperator_dd, Option_Inventor=Inventor, AS_Lemmatization_Chkbox=AS_Lemmatization_Chkbox, Electrical=Electrical, Option_Technology Category=Technology Category, Operator_AND=AND, AS_Other_Chkbox=AS_Other_Chkbox, AS_AddQuery2_Btn=AS_AddQuery2_Btn, PowerTerm2=Turbo Charger, PowerTerm1=Ceramic turbo charger rotor and method of manufacturing the same, Similarity_Turbo Charger=Turbo Charger, AS_SearchFields_Txt=AS_SearchFields_Txt, AS_SearchField_dropdown=AS_SearchField_dropdown, AS_CommandLine=AS_CommandLine, AS_EditFullText_btn=AS_EditFullText_btn, RP_QueryDetailsOpen_lnk=RP_QueryDetailsOpen_lnk, Option_No Family Deduplication=No Family Deduplication, Option_Claims Only=Claims Only, RP_ResultCount=RP_ResultCount, 2010-02-01=2010-02-01, AS_Family_dd=AS_Family_dd, Similarity_Staged combustion with piston engine=Staged combustion with piston engine, Option_Title Abstract=Title Abstract, AS_Similarity_Tab=AS_Similarity_Tab, NAV_Search=NAV_Search, AS_PubNumbrDateFrom_Txt=AS_PubNumbrDateFrom_Txt, KeywordText_Turbo Charger=Turbo Charger, AS_PubNumbr_dropdown=AS_PubNumbr_dropdown, Option_ADD=ADD, Impfromfile title=Import from file, Power Search=Power Search, Use Command Line Search=Use Command Line Search, VerifyImpforfolder=As_IFWF_Label, RP_PubDateallrecords=RP_PubDateallrecords, Publication number2=WO-2012005171-A1, AS_exclude=AS_exclude, Publication number1=US-2010823-A, AS_PriorityDateTo_Txt=AS_PriorityDateTo_Txt, NEAR=NEAR, KeywordText_Communication=Communication, AS_Powerterm_Txtbox2=AS_Powerterm_Txtbox2, AS_Powerterm_Txtbox1=AS_Powerterm_Txtbox1, Date_2011-01-01=2011-01-01, KeywordText_Mobile=Mobile, AS_Powerterm_Tab=AS_Powerterm_Tab, Browser=Mozilla, Searchoption=Full Text, OR=OR, ApplicationState=On, PWD1=Faith#12312, AND=AND, Close=Close, Option_Full Text=Full Text, AS_Addpridate_lnk=AS_Addpridate_lnk, AS_PubNumbrDateFrom_Txt1=AS_PubNumbrDateFrom_Txt1, RP_SimilarityQueryDetails=RP_SimilarityQueryDetails, Option_AND=AND, AS_AddQuery1_Btn=AS_AddQuery1_Btn, PowerTerm_Turbo charger=Turbo Charger, ToDate_2012-12-30=2012-12-30, GrantState=On, Option_OR=OR, AS_Impfromfile=AS_Impfromfile, RP_SimDetailsOpen_lnk=RP_SimDetailsOpen_lnk, Advanced Search=Advanced Search, AS_Synonyms_Chkbox=AS_Synonyms_Chkbox, KeywordText_Engine=Engine, AS_Addpubdate_lnk=AS_Addpubdate_lnk, AS_SearchField3=AS_SearchField3, AS_SearchField2=AS_SearchField2, AS_SearchField1=AS_SearchField1, AS_KeywordTextArea=AS_KeywordTextArea, Operator_NEAR=NEAR, Familyoption=No Family Deduplication, AS_SearchFields_Op3=AS_SearchFields_Op3, NAV_Advanced_Search=NAV_Advanced_Search, AS_SearchFields_Op2=AS_SearchFields_Op2, AS_SearchFields_Op1=AS_SearchFields_Op1, AS_include=AS_include, Operator_OR=OR, To_Date=2013-04-01, AS_SearchField_Txt3=AS_SearchField_Txt3, AS_SearchField_Txt2=AS_SearchField_Txt2, AS_SearchField_Txt1=AS_SearchField_Txt1, UID1=smoudgil, Operator_ADJACENT=ADJACENT, FromDate_2010-02-01=2010-02-01, From_Date=2000-01-01, UID=devtest, Application Number option=Application number, 2012-12-30=2012-12-30, ADJACENT=ADJACENT, AS_PriorityDateFrom_Txt=AS_PriorityDateFrom_Txt, AS_Grant_Chkbox=AS_Grant_Chkbox, Text_ Katogi =Katogi, Cross=Cross, AS_ApplicationDateFrom_Txt1=AS_ApplicationDateFrom_Txt1, AS_ApplicationDateFrom_Txt=AS_ApplicationDateFrom_Txt, RP_BackToQuery=RP_BackToQuery, KeywordText_Car=Car, Technology Category=Technology Category, OtherState=On, Option_Simple Family Deduplication=Simple Family Deduplication, Impfromfolder title=Import From Work Folder, Publication Number=Publication Number, Option_Title Abstract Claims=Title Abstract Claims, AS_Number_Label=AS_Number_Label, AS_EditBiblio_btn=AS_EditBiblio_btn, LemmatizationState=On, AS_PubNumbrDateTo_Txt=AS_PubNumbrDateTo_Txt, RP_Pubnumbr_label=RP_Pubnumbr_label, KeywordText_Fem Forte=Fem Forte, Text_Mechanical=Mechanical, VerifyImpforfile=AS_IFF_Label, AS_SelectFolder_btn=AS_SelectFolder_btn, AS_Application_Chkbox=AS_Application_Chkbox, RP_Priorityallrecords=RP_Priorityallrecords, AS_ApplicationDateTo_Txt=AS_ApplicationDateTo_Txt, Publication Number=Publication Number, KeywordText_charger=charger, Similarity=Similarity, AS_Powertermlabel=AS_Powertermlabel, Date_2009-01-01=2009-01-01, AS_AddQuery3_Btn=AS_AddQuery3_Btn, RP_AppDateallrecords=RP_AppDateallrecords, URL=https://qa.discover.cpaglobal.com, AS_Similaritylabel=AS_Similaritylabel, KeywordText_Phonographs=Phonographs, 1580318.0=1580318.0, AS_AddAppdate_lnk=AS_AddAppdate_lnk, AS_Impfromfolder=AS_Impfromfolder, SynonymsState=On, Search_btn=Search_btn, Numbers=Numbers, RP_KeywordQueryDetails=RP_KeywordQueryDetails}]]>
              </value>
            </param>
          </params>
          <exception class="org.openqa.selenium.ElementNotVisibleException">
            <message>
              <![CDATA[Element is not currently visible and so may not be interacted with
Command duration or timeout: 11 milliseconds
Build info: version: '2.31.0', revision: '1bd294d', time: '2013-02-27 20:53:56'
System info: os.name: 'Windows 7', os.arch: 'amd64', os.version: '6.1', java.version: '1.7.0_25'
Session ID: 1436332b-78f0-4922-8b08-936b4077c631
Driver info: org.openqa.selenium.firefox.FirefoxDriver
Capabilities [{platform=XP, databaseEnabled=true, cssSelectorsEnabled=true, javascriptEnabled=true, acceptSslCerts=true, handlesAlerts=true, browserName=firefox, browserConnectionEnabled=true, nativeEvents=true, webStorageEnabled=true, rotatable=false, locationContextEnabled=true, applicationCacheEnabled=true, takesScreenshot=true, version=22.0}]]]>
            </message>
            <full-stacktrace>
              <![CDATA[org.openqa.selenium.ElementNotVisibleException: Element is not currently visible and so may not be interacted with
Command duration or timeout: 11 milliseconds
Build info: version: '2.31.0', revision: '1bd294d', time: '2013-02-27 20:53:56'
System info: os.name: 'Windows 7', os.arch: 'amd64', os.version: '6.1', java.version: '1.7.0_25'
Session ID: 1436332b-78f0-4922-8b08-936b4077c631
Driver info: org.openqa.selenium.firefox.FirefoxDriver
Capabilities [{platform=XP, databaseEnabled=true, cssSelectorsEnabled=true, javascriptEnabled=true, acceptSslCerts=true, handlesAlerts=true, browserName=firefox, browserConnectionEnabled=true, nativeEvents=true, webStorageEnabled=true, rotatable=false, locationContextEnabled=true, applicationCacheEnabled=true, takesScreenshot=true, version=22.0}]
	at sun.reflect.NativeConstructorAccessorImpl.newInstance0(Native Method)
	at sun.reflect.NativeConstructorAccessorImpl.newInstance(NativeConstructorAccessorImpl.java:57)
	at sun.reflect.DelegatingConstructorAccessorImpl.newInstance(DelegatingConstructorAccessorImpl.java:45)
	at java.lang.reflect.Constructor.newInstance(Constructor.java:526)
	at org.openqa.selenium.remote.ErrorHandler.createThrowable(ErrorHandler.java:187)
	at org.openqa.selenium.remote.ErrorHandler.throwIfResponseFailed(ErrorHandler.java:145)
	at org.openqa.selenium.remote.RemoteWebDriver.execute(RemoteWebDriver.java:554)
	at org.openqa.selenium.remote.RemoteWebElement.execute(RemoteWebElement.java:268)
	at org.openqa.selenium.remote.RemoteWebElement.click(RemoteWebElement.java:79)
	at cpa.qa.library.Functions.VerifyDate(Functions.java:841)
	at cpa.qa.util.Keywords.executeTest(Keywords.java:136)
	at cpa.qa.testcases.PerformSearch.doPerformSearch(PerformSearch.java:28)
	at sun.reflect.NativeMethodAccessorImpl.invoke0(Native Method)
	at sun.reflect.NativeMethodAccessorImpl.invoke(NativeMethodAccessorImpl.java:57)
	at sun.reflect.DelegatingMethodAccessorImpl.invoke(DelegatingMethodAccessorImpl.java:43)
	at java.lang.reflect.Method.invoke(Method.java:606)
	at org.testng.internal.MethodInvocationHelper.invokeMethod(MethodInvocationHelper.java:80)
	at org.testng.internal.Invoker.invokeMethod(Invoker.java:714)
	at org.testng.internal.Invoker.invokeTestMethod(Invoker.java:901)
	at org.testng.internal.Invoker.invokeTestMethods(Invoker.java:1231)
	at org.testng.internal.TestMethodWorker.invokeTestMethods(TestMethodWorker.java:127)
	at org.testng.internal.TestMethodWorker.run(TestMethodWorker.java:111)
	at org.testng.TestRunner.privateRun(TestRunner.java:767)
	at org.testng.TestRunner.run(TestRunner.java:617)
	at org.testng.SuiteRunner.runTest(SuiteRunner.java:334)
	at org.testng.SuiteRunner.runSequentially(SuiteRunner.java:329)
	at org.testng.SuiteRunner.privateRun(SuiteRunner.java:291)
	at org.testng.SuiteRunner.run(SuiteRunner.java:240)
	at org.testng.SuiteRunnerWorker.runSuite(SuiteRunnerWorker.java:52)
	at org.testng.SuiteRunnerWorker.run(SuiteRunnerWorker.java:86)
	at org.testng.TestNG.runSuitesSequentially(TestNG.java:1198)
	at org.testng.TestNG.runSuitesLocally(TestNG.java:1123)
	at org.testng.TestNG.run(TestNG.java:1031)
	at org.testng.TestNG.privateMain(TestNG.java:1338)
	at org.testng.TestNG.main(TestNG.java:1307)
Caused by: org.openqa.selenium.remote.ErrorHandler$UnknownServerException: Element is not currently visible and so may not be interacted with
Build info: version: '2.31.0', revision: '1bd294d', time: '2013-02-27 20:53:56'
System info: os.name: 'Windows 7', os.arch: 'amd64', os.version: '6.1', java.version: '1.7.0_25'
Driver info: driver.version: unknown
	at <anonymous class>.fxdriver.preconditions.visible(file:///C:/TeamCity/buildAgent/temp/buildTmp/anonymous100924791728867342webdriver-profile/extensions/fxdriver@googlecode.com/components/command_processor.js:7567)
	at <anonymous class>.DelayedCommand.prototype.checkPreconditions_(file:///C:/TeamCity/buildAgent/temp/buildTmp/anonymous100924791728867342webdriver-profile/extensions/fxdriver@googlecode.com/components/command_processor.js:10253)
	at <anonymous class>.DelayedCommand.prototype.executeInternal_/h(file:///C:/TeamCity/buildAgent/temp/buildTmp/anonymous100924791728867342webdriver-profile/extensions/fxdriver@googlecode.com/components/command_processor.js:10272)
	at <anonymous class>.DelayedCommand.prototype.executeInternal_(file:///C:/TeamCity/buildAgent/temp/buildTmp/anonymous100924791728867342webdriver-profile/extensions/fxdriver@googlecode.com/components/command_processor.js:10277)
	at <anonymous class>.DelayedCommand.prototype.execute/<(file:///C:/TeamCity/buildAgent/temp/buildTmp/anonymous100924791728867342webdriver-profile/extensions/fxdriver@googlecode.com/components/command_processor.js:10217)
]]>
            </full-stacktrace>
          </exception> <!-- org.openqa.selenium.ElementNotVisibleException -->
          <reporter-output>
          </reporter-output>
        </test-method> <!-- doPerformSearch -->
      </class> <!-- cpa.qa.testcases.PerformSearch -->
    </test> <!-- PerformSearch -->
  </suite> <!-- Suite 1 -->
</testng-results>
