<?xml version="1.0" encoding="UTF-8"?>
<!-- Generated by org.testng.reporters.JUnitXMLReporter -->
<testsuite hostname="ING-D-0156" name="PerformSearch" tests="1" failures="1" timestamp="18 Jul 2013 09:37:09 GMT" time="1061.148" errors="0">
  <testcase name="doPerformSearch" time="1061.089" classname="cpa.qa.testcases.PerformSearch">
    <failure type="org.openqa.selenium.ElementNotVisibleException" message="Element is not currently visible and so may not be interacted with
Command duration or timeout: 11 milliseconds
Build info: version: &amp;apos;2.31.0&amp;apos;, revision: &amp;apos;1bd294d&amp;apos;, time: &amp;apos;2013-02-27 20:53:56&amp;apos;
System info: os.name: &amp;apos;Windows 7&amp;apos;, os.arch: &amp;apos;amd64&amp;apos;, os.version: &amp;apos;6.1&amp;apos;, java.version: &amp;apos;1.7.0_25&amp;apos;
Session ID: 1436332b-78f0-4922-8b08-936b4077c631
Driver info: org.openqa.selenium.firefox.FirefoxDriver
Capabilities [{platform=XP, databaseEnabled=true, cssSelectorsEnabled=true, javascriptEnabled=true, acceptSslCerts=true, handlesAlerts=true, browserName=firefox, browserConnectionEnabled=true, nativeEvents=true, webStorageEnabled=true, rotatable=false, locationContextEnabled=true, applicationCacheEnabled=true, takesScreenshot=true, version=22.0}]">
      <![CDATA[org.openqa.selenium.ElementNotVisibleException: Element is not currently visible and so may not be interacted with
Command duration or timeout: 11 milliseconds
Build info: version: '2.31.0', revision: '1bd294d', time: '2013-02-27 20:53:56'
System info: os.name: 'Windows 7', os.arch: 'amd64', os.version: '6.1', java.version: '1.7.0_25'
Session ID: 1436332b-78f0-4922-8b08-936b4077c631
Driver info: org.openqa.selenium.firefox.FirefoxDriver
Capabilities [{platform=XP, databaseEnabled=true, cssSelectorsEnabled=true, javascriptEnabled=true, acceptSslCerts=true, handlesAlerts=true, browserName=firefox, browserConnectionEnabled=true, nativeEvents=true, webStorageEnabled=true, rotatable=false, locationContextEnabled=true, applicationCacheEnabled=true, takesScreenshot=true, version=22.0}]
	at org.openqa.selenium.remote.ErrorHandler.createThrowable(ErrorHandler.java:187)
	at org.openqa.selenium.remote.ErrorHandler.throwIfResponseFailed(ErrorHandler.java:145)
	at org.openqa.selenium.remote.RemoteWebDriver.execute(RemoteWebDriver.java:554)
	at org.openqa.selenium.remote.RemoteWebElement.execute(RemoteWebElement.java:268)
	at org.openqa.selenium.remote.RemoteWebElement.click(RemoteWebElement.java:79)
	at cpa.qa.library.Functions.VerifyDate(Functions.java:841)
	at cpa.qa.util.Keywords.executeTest(Keywords.java:136)
	at cpa.qa.testcases.PerformSearch.doPerformSearch(PerformSearch.java:28)
Caused by: org.openqa.selenium.remote.ErrorHandler$UnknownServerException: Element is not currently visible and so may not be interacted with
Build info: version: '2.31.0', revision: '1bd294d', time: '2013-02-27 20:53:56'
System info: os.name: 'Windows 7', os.arch: 'amd64', os.version: '6.1', java.version: '1.7.0_25'
Driver info: driver.version: unknown
	at <anonymous class>.fxdriver.preconditions.visible(file:///C:/TeamCity/buildAgent/temp/buildTmp/anonymous100924791728867342webdriver-profile/extensions/fxdriver@googlecode.com/components/command_processor.js:7567)
	at <anonymous class>.DelayedCommand.prototype.checkPreconditions_(file:///C:/TeamCity/buildAgent/temp/buildTmp/anonymous100924791728867342webdriver-profile/extensions/fxdriver@googlecode.com/components/command_processor.js:10253)
	at <anonymous class>.DelayedCommand.prototype.executeInternal_/h(file:///C:/TeamCity/buildAgent/temp/buildTmp/anonymous100924791728867342webdriver-profile/extensions/fxdriver@googlecode.com/components/command_processor.js:10272)
	at <anonymous class>.DelayedCommand.prototype.executeInternal_(file:///C:/TeamCity/buildAgent/temp/buildTmp/anonymous100924791728867342webdriver-profile/extensions/fxdriver@googlecode.com/components/command_processor.js:10277)
	at <anonymous class>.DelayedCommand.prototype.execute/<(file:///C:/TeamCity/buildAgent/temp/buildTmp/anonymous100924791728867342webdriver-profile/extensions/fxdriver@googlecode.com/components/command_processor.js:10217)
... Removed 27 stack frames]]>
    </failure>
  </testcase> <!-- doPerformSearch -->
</testsuite> <!-- PerformSearch -->
