<?xml version="1.0" encoding="UTF-8"?>
<testsuite name="RecentSaved"
           tests="1"
           failures="1"
           errors="0"
           skipped="0"
           time="10.982">
  <properties />
            <testcase name="doRecentSaved" time="10.982" classname="cpa.qa.testcases.RecentSaved">
                <failure type="org.openqa.selenium.NoSuchWindowException"
                  message="Unable to find element on closed window (WARNING: The server did not provide any stacktrace information)
Command duration or timeout: 12 milliseconds
Build info: version: &apos;2.31.0&apos;, revision: &apos;1bd294d&apos;, time: &apos;2013-02-27 20:53:56&apos;
System info: os.name: &apos;Windows 7&apos;, os.arch: &apos;amd64&apos;, os.version: &apos;6.1&apos;, java.version: &apos;1.7.0_17&apos;
Session ID: 0e40b66a-d85b-46f4-b944-7c10c3f05dd2
Driver info: org.openqa.selenium.ie.InternetExplorerDriver
Capabilities [{platform=WINDOWS, elementScrollBehavior=0, javascriptEnabled=true, enablePersistentHover=true, ignoreZoomSetting=false, browserName=internet explorer, enableElementCacheCleanup=true, unexpectedAlertBehaviour=dismiss, version=9, cssSelectorsEnabled=true, ignoreProtectedModeSettings=false, allowAsynchronousJavaScript=true, requireWindowFocus=false, handlesAlerts=true, initialBrowserUrl=, nativeEvents=true, takesScreenshot=true}]"
              >
<![CDATA[org.openqa.selenium.NoSuchWindowException: Unable to find element on closed window (WARNING: The server did not provide any stacktrace information)
Command duration or timeout: 12 milliseconds
Build info: version: '2.31.0', revision: '1bd294d', time: '2013-02-27 20:53:56'
System info: os.name: 'Windows 7', os.arch: 'amd64', os.version: '6.1', java.version: '1.7.0_17'
Session ID: 0e40b66a-d85b-46f4-b944-7c10c3f05dd2
Driver info: org.openqa.selenium.ie.InternetExplorerDriver
Capabilities [{platform=WINDOWS, elementScrollBehavior=0, javascriptEnabled=true, enablePersistentHover=true, ignoreZoomSetting=false, browserName=internet explorer, enableElementCacheCleanup=true, unexpectedAlertBehaviour=dismiss, version=9, cssSelectorsEnabled=true, ignoreProtectedModeSettings=false, allowAsynchronousJavaScript=true, requireWindowFocus=false, handlesAlerts=true, initialBrowserUrl=, nativeEvents=true, takesScreenshot=true}]
  sun.reflect.NativeConstructorAccessorImpl.newInstance0(Native Method)
  sun.reflect.NativeConstructorAccessorImpl.newInstance(NativeConstructorAccessorImpl.java:57)
  sun.reflect.DelegatingConstructorAccessorImpl.newInstance(DelegatingConstructorAccessorImpl.java:45)
  java.lang.reflect.Constructor.newInstance(Constructor.java:525)
  org.openqa.selenium.remote.ErrorHandler.createThrowable(ErrorHandler.java:187)
  org.openqa.selenium.remote.ErrorHandler.throwIfResponseFailed(ErrorHandler.java:145)
  org.openqa.selenium.remote.RemoteWebDriver.execute(RemoteWebDriver.java:554)
  org.openqa.selenium.remote.RemoteWebDriver.findElement(RemoteWebDriver.java:307)
  org.openqa.selenium.remote.RemoteWebDriver.findElementByLinkText(RemoteWebDriver.java:356)
  org.openqa.selenium.By$ByLinkText.findElement(By.java:241)
  org.openqa.selenium.remote.RemoteWebDriver.findElement(RemoteWebDriver.java:299)
  cpa.qa.util.Keywords.ReachSearches(Keywords.java:871)
  cpa.qa.util.Keywords.executeTest(Keywords.java:151)
  cpa.qa.testcases.RecentSaved.doRecentSaved(RecentSaved.java:29)
  sun.reflect.NativeMethodAccessorImpl.invoke0(Native Method)
  sun.reflect.NativeMethodAccessorImpl.invoke(NativeMethodAccessorImpl.java:57)
  sun.reflect.DelegatingMethodAccessorImpl.invoke(DelegatingMethodAccessorImpl.java:43)
  java.lang.reflect.Method.invoke(Method.java:601)
  org.testng.internal.MethodInvocationHelper.invokeMethod(MethodInvocationHelper.java:80)
  org.testng.internal.Invoker.invokeMethod(Invoker.java:714)
  org.testng.internal.Invoker.invokeTestMethod(Invoker.java:901)
  org.testng.internal.Invoker.invokeTestMethods(Invoker.java:1231)
  org.testng.internal.TestMethodWorker.invokeTestMethods(TestMethodWorker.java:127)
  org.testng.internal.TestMethodWorker.run(TestMethodWorker.java:111)
  org.testng.TestRunner.privateRun(TestRunner.java:767)
  org.testng.TestRunner.run(TestRunner.java:617)
  org.testng.SuiteRunner.runTest(SuiteRunner.java:334)
  org.testng.SuiteRunner.runSequentially(SuiteRunner.java:329)
  org.testng.SuiteRunner.privateRun(SuiteRunner.java:291)
  org.testng.SuiteRunner.run(SuiteRunner.java:240)
  org.testng.SuiteRunnerWorker.runSuite(SuiteRunnerWorker.java:52)
  org.testng.SuiteRunnerWorker.run(SuiteRunnerWorker.java:86)
  org.testng.TestNG.runSuitesSequentially(TestNG.java:1198)
  org.testng.TestNG.runSuitesLocally(TestNG.java:1123)
  org.testng.TestNG.run(TestNG.java:1031)
  org.testng.TestNG.privateMain(TestNG.java:1338)
  org.testng.TestNG.main(TestNG.java:1307)
]]>
      </failure>

          </testcase>
  
  
  
</testsuite>
