<?xml version="1.0" encoding="UTF-8"?>
<testsuite name="SavedSearches"
           tests="1"
           failures="1"
           errors="0"
           skipped="0"
           time="54.145">
  <properties />
            <testcase name="doSavedSearches" time="54.145" classname="cpa.qa.testcases.SavedSearches">
                <failure type="org.openqa.selenium.remote.UnreachableBrowserException"
                  message="Error communicating with the remote browser. It may have died.
Build info: version: &apos;2.31.0&apos;, revision: &apos;1bd294d&apos;, time: &apos;2013-02-27 20:53:56&apos;
System info: os.name: &apos;Windows 7&apos;, os.arch: &apos;amd64&apos;, os.version: &apos;6.1&apos;, java.version: &apos;1.7.0_17&apos;
Driver info: driver.version: RemoteWebDriver"
              >
<![CDATA[org.openqa.selenium.remote.UnreachableBrowserException: Error communicating with the remote browser. It may have died.
Build info: version: '2.31.0', revision: '1bd294d', time: '2013-02-27 20:53:56'
System info: os.name: 'Windows 7', os.arch: 'amd64', os.version: '6.1', java.version: '1.7.0_17'
Driver info: driver.version: RemoteWebDriver
  org.openqa.selenium.remote.RemoteWebDriver.execute(RemoteWebDriver.java:548)
  org.openqa.selenium.remote.RemoteWebDriver.findElement(RemoteWebDriver.java:307)
  org.openqa.selenium.remote.RemoteWebDriver.findElementById(RemoteWebDriver.java:348)
  org.openqa.selenium.By$ById.findElement(By.java:216)
  org.openqa.selenium.remote.RemoteWebDriver.findElement(RemoteWebDriver.java:299)
  org.openqa.selenium.support.ui.ExpectedConditions.findElement(ExpectedConditions.java:523)
  org.openqa.selenium.support.ui.ExpectedConditions.access$0(ExpectedConditions.java:521)
  org.openqa.selenium.support.ui.ExpectedConditions$3.apply(ExpectedConditions.java:106)
  org.openqa.selenium.support.ui.ExpectedConditions$3.apply(ExpectedConditions.java:1)
  org.openqa.selenium.support.ui.FluentWait.until(FluentWait.java:208)
  cpa.qa.util.Keywords.ReachSavedSearches(Keywords.java:1499)
  cpa.qa.util.Keywords.executeTest(Keywords.java:173)
  cpa.qa.testcases.SavedSearches.doSavedSearches(SavedSearches.java:29)
  sun.reflect.NativeMethodAccessorImpl.invoke0(Native Method)
  sun.reflect.NativeMethodAccessorImpl.invoke(NativeMethodAccessorImpl.java:57)
  sun.reflect.DelegatingMethodAccessorImpl.invoke(DelegatingMethodAccessorImpl.java:43)
  java.lang.reflect.Method.invoke(Method.java:601)
  org.testng.internal.MethodInvocationHelper.invokeMethod(MethodInvocationHelper.java:80)
  org.testng.internal.Invoker.invokeMethod(Invoker.java:714)
  org.testng.internal.Invoker.invokeTestMethod(Invoker.java:901)
  org.testng.internal.Invoker.invokeTestMethods(Invoker.java:1231)
  org.testng.internal.TestMethodWorker.invokeTestMethods(TestMethodWorker.java:127)
  org.testng.internal.TestMethodWorker.run(TestMethodWorker.java:111)
  org.testng.TestRunner.privateRun(TestRunner.java:767)
  org.testng.TestRunner.run(TestRunner.java:617)
  org.testng.SuiteRunner.runTest(SuiteRunner.java:334)
  org.testng.SuiteRunner.runSequentially(SuiteRunner.java:329)
  org.testng.SuiteRunner.privateRun(SuiteRunner.java:291)
  org.testng.SuiteRunner.run(SuiteRunner.java:240)
  org.testng.SuiteRunnerWorker.runSuite(SuiteRunnerWorker.java:52)
  org.testng.SuiteRunnerWorker.run(SuiteRunnerWorker.java:86)
  org.testng.TestNG.runSuitesSequentially(TestNG.java:1198)
  org.testng.TestNG.runSuitesLocally(TestNG.java:1123)
  org.testng.TestNG.run(TestNG.java:1031)
  org.testng.TestNG.privateMain(TestNG.java:1338)
  org.testng.TestNG.main(TestNG.java:1307)
Caused by: org.openqa.selenium.WebDriverException: java.net.SocketException: Connection reset
Build info: version: '2.31.0', revision: '1bd294d', time: '2013-02-27 20:53:56'
System info: os.name: 'Windows 7', os.arch: 'amd64', os.version: '6.1', java.version: '1.7.0_17'
Driver info: driver.version: RemoteWebDriver
  org.openqa.selenium.remote.service.DriverCommandExecutor.execute(DriverCommandExecutor.java:75)
  org.openqa.selenium.remote.RemoteWebDriver.execute(RemoteWebDriver.java:527)
  org.openqa.selenium.remote.RemoteWebDriver.findElement(RemoteWebDriver.java:307)
  org.openqa.selenium.remote.RemoteWebDriver.findElementById(RemoteWebDriver.java:348)
  org.openqa.selenium.By$ById.findElement(By.java:216)
  org.openqa.selenium.remote.RemoteWebDriver.findElement(RemoteWebDriver.java:299)
  org.openqa.selenium.support.ui.ExpectedConditions.findElement(ExpectedConditions.java:523)
  org.openqa.selenium.support.ui.ExpectedConditions.access$0(ExpectedConditions.java:521)
  org.openqa.selenium.support.ui.ExpectedConditions$3.apply(ExpectedConditions.java:106)
  org.openqa.selenium.support.ui.ExpectedConditions$3.apply(ExpectedConditions.java:1)
  org.openqa.selenium.support.ui.FluentWait.until(FluentWait.java:208)
  cpa.qa.util.Keywords.ReachSavedSearches(Keywords.java:1499)
  cpa.qa.util.Keywords.executeTest(Keywords.java:173)
  cpa.qa.testcases.SavedSearches.doSavedSearches(SavedSearches.java:29)
  sun.reflect.NativeMethodAccessorImpl.invoke0(Native Method)
  sun.reflect.NativeMethodAccessorImpl.invoke(NativeMethodAccessorImpl.java:57)
  sun.reflect.DelegatingMethodAccessorImpl.invoke(DelegatingMethodAccessorImpl.java:43)
  java.lang.reflect.Method.invoke(Method.java:601)
  org.testng.internal.MethodInvocationHelper.invokeMethod(MethodInvocationHelper.java:80)
  org.testng.internal.Invoker.invokeMethod(Invoker.java:714)
  org.testng.internal.Invoker.invokeTestMethod(Invoker.java:901)
  org.testng.internal.Invoker.invokeTestMethods(Invoker.java:1231)
  org.testng.internal.TestMethodWorker.invokeTestMethods(TestMethodWorker.java:127)
  org.testng.internal.TestMethodWorker.run(TestMethodWorker.java:111)
  org.testng.TestRunner.privateRun(TestRunner.java:767)
  org.testng.TestRunner.run(TestRunner.java:617)
  org.testng.SuiteRunner.runTest(SuiteRunner.java:334)
  org.testng.SuiteRunner.runSequentially(SuiteRunner.java:329)
  org.testng.SuiteRunner.privateRun(SuiteRunner.java:291)
  org.testng.SuiteRunner.run(SuiteRunner.java:240)
  org.testng.SuiteRunnerWorker.runSuite(SuiteRunnerWorker.java:52)
  org.testng.SuiteRunnerWorker.run(SuiteRunnerWorker.java:86)
  org.testng.TestNG.runSuitesSequentially(TestNG.java:1198)
  org.testng.TestNG.runSuitesLocally(TestNG.java:1123)
  org.testng.TestNG.run(TestNG.java:1031)
  org.testng.TestNG.privateMain(TestNG.java:1338)
  org.testng.TestNG.main(TestNG.java:1307)
Caused by: java.net.SocketException: Connection reset
  java.net.SocketInputStream.read(SocketInputStream.java:189)
  java.net.SocketInputStream.read(SocketInputStream.java:121)
  org.apache.http.impl.io.AbstractSessionInputBuffer.fillBuffer(AbstractSessionInputBuffer.java:166)
  org.apache.http.impl.io.SocketInputBuffer.fillBuffer(SocketInputBuffer.java:90)
  org.apache.http.impl.io.AbstractSessionInputBuffer.readLine(AbstractSessionInputBuffer.java:281)
  org.apache.http.impl.conn.DefaultHttpResponseParser.parseHead(DefaultHttpResponseParser.java:92)
  org.apache.http.impl.conn.DefaultHttpResponseParser.parseHead(DefaultHttpResponseParser.java:62)
  org.apache.http.impl.io.AbstractMessageParser.parse(AbstractMessageParser.java:254)
  org.apache.http.impl.AbstractHttpClientConnection.receiveResponseHeader(AbstractHttpClientConnection.java:289)
  org.apache.http.impl.conn.DefaultClientConnection.receiveResponseHeader(DefaultClientConnection.java:252)
  org.apache.http.impl.conn.AbstractClientConnAdapter.receiveResponseHeader(AbstractClientConnAdapter.java:219)
  org.apache.http.protocol.HttpRequestExecutor.doReceiveResponse(HttpRequestExecutor.java:300)
  org.apache.http.protocol.HttpRequestExecutor.execute(HttpRequestExecutor.java:127)
  org.apache.http.impl.client.DefaultRequestDirector.tryExecute(DefaultRequestDirector.java:712)
  org.apache.http.impl.client.DefaultRequestDirector.execute(DefaultRequestDirector.java:517)
  org.apache.http.impl.client.AbstractHttpClient.execute(AbstractHttpClient.java:906)
  org.openqa.selenium.remote.HttpCommandExecutor.fallBackExecute(HttpCommandExecutor.java:316)
  org.openqa.selenium.remote.HttpCommandExecutor.execute(HttpCommandExecutor.java:295)
  org.openqa.selenium.remote.service.DriverCommandExecutor.execute(DriverCommandExecutor.java:66)
  org.openqa.selenium.remote.RemoteWebDriver.execute(RemoteWebDriver.java:527)
  org.openqa.selenium.remote.RemoteWebDriver.findElement(RemoteWebDriver.java:307)
  org.openqa.selenium.remote.RemoteWebDriver.findElementById(RemoteWebDriver.java:348)
  org.openqa.selenium.By$ById.findElement(By.java:216)
  org.openqa.selenium.remote.RemoteWebDriver.findElement(RemoteWebDriver.java:299)
  org.openqa.selenium.support.ui.ExpectedConditions.findElement(ExpectedConditions.java:523)
  org.openqa.selenium.support.ui.ExpectedConditions.access$0(ExpectedConditions.java:521)
  org.openqa.selenium.support.ui.ExpectedConditions$3.apply(ExpectedConditions.java:106)
  org.openqa.selenium.support.ui.ExpectedConditions$3.apply(ExpectedConditions.java:1)
  org.openqa.selenium.support.ui.FluentWait.until(FluentWait.java:208)
  cpa.qa.util.Keywords.ReachSavedSearches(Keywords.java:1499)
  cpa.qa.util.Keywords.executeTest(Keywords.java:173)
  cpa.qa.testcases.SavedSearches.doSavedSearches(SavedSearches.java:29)
  sun.reflect.NativeMethodAccessorImpl.invoke0(Native Method)
  sun.reflect.NativeMethodAccessorImpl.invoke(NativeMethodAccessorImpl.java:57)
  sun.reflect.DelegatingMethodAccessorImpl.invoke(DelegatingMethodAccessorImpl.java:43)
  java.lang.reflect.Method.invoke(Method.java:601)
  org.testng.internal.MethodInvocationHelper.invokeMethod(MethodInvocationHelper.java:80)
  org.testng.internal.Invoker.invokeMethod(Invoker.java:714)
  org.testng.internal.Invoker.invokeTestMethod(Invoker.java:901)
  org.testng.internal.Invoker.invokeTestMethods(Invoker.java:1231)
  org.testng.internal.TestMethodWorker.invokeTestMethods(TestMethodWorker.java:127)
  org.testng.internal.TestMethodWorker.run(TestMethodWorker.java:111)
  org.testng.TestRunner.privateRun(TestRunner.java:767)
  org.testng.TestRunner.run(TestRunner.java:617)
  org.testng.SuiteRunner.runTest(SuiteRunner.java:334)
  org.testng.SuiteRunner.runSequentially(SuiteRunner.java:329)
  org.testng.SuiteRunner.privateRun(SuiteRunner.java:291)
  org.testng.SuiteRunner.run(SuiteRunner.java:240)
  org.testng.SuiteRunnerWorker.runSuite(SuiteRunnerWorker.java:52)
  org.testng.SuiteRunnerWorker.run(SuiteRunnerWorker.java:86)
  org.testng.TestNG.runSuitesSequentially(TestNG.java:1198)
  org.testng.TestNG.runSuitesLocally(TestNG.java:1123)
  org.testng.TestNG.run(TestNG.java:1031)
  org.testng.TestNG.privateMain(TestNG.java:1338)
  org.testng.TestNG.main(TestNG.java:1307)
]]>
      </failure>

          </testcase>
  
  
  
</testsuite>
