<?xml version="1.0" encoding="utf-8" ?>
<!DOCTYPE html PUBLIC "-//W3C//DTD XHTML 1.0 Strict//EN"
        "http://www.w3.org/TR/xhtml1/DTD/xhtml1-strict.dtd">
<html xmlns="http://www.w3.org/1999/xhtml" xml:lang="" lang="">
<head>
  <title>CPA Global Discover - SavedSearches</title>
  <meta http-equiv="Content-Type" content="text/html;charset=utf-8" />
  <meta name="description" content="TestNG unit test results." />
  <link href="reportng.css" rel="stylesheet" type="text/css" />
    <link href="custom.css" rel="stylesheet" type="text/css" />
    <script type="text/javascript" src="reportng.js"></script>
</head>
<body>
<h1>SavedSearches</h1>
<p>
  Test duration: 54.145s
</p>



  <table class="resultsTable">
    <tr><th colspan="3" class="header failed">Failed Tests</th></tr>
          <tr>
        <td colspan="3" class="group">cpa.qa.testcases.SavedSearches</td>
      </tr>
            
<tr>
  <td class="method">
                  doSavedSearches
      </td>
  <td class="duration">
    54.145s
  </td>
  <td class="result">
        
          <i>Method arguments: </i><span class="arguments">{sid_re=S:6, sop=and, Browser=Chrome, field=, s2=S:6, s1=S:7, sid_delete=S:3, Name=Test Saved Alert, sid=S:10, URL=https://uat.discover.cpaglobal.com, exp=2013-12-12, so2=S:14, so1=S:12, PWD=Password@1, UID=smoudgil, Runmode=Y, users=jthakur, frequency=Monthly, sd2=S:8, sd1=S:9, sid_get=S:10, desc=test_sm}</span><br />
    
        

        <a href="javascript:toggleElement('exception-0', 'block')" title="Click to expand/collapse"><b>org.openqa.selenium.remote.UnreachableBrowserException: Error communicating with the remote browser. It may have died.<br/>
Build info: version: &apos;2.31.0&apos;, revision: &apos;1bd294d&apos;, time: &apos;2013-02-27 20:53:56&apos;<br/>
System info: os.name: &apos;Windows 7&apos;, os.arch: &apos;amd64&apos;, os.version: &apos;6.1&apos;, java.version: &apos;1.7.0_17&apos;<br/>
Driver info: driver.version: RemoteWebDriver</b></a><br />
    <div class="stackTrace" id="exception-0">
              org.openqa.selenium.remote.RemoteWebDriver.execute(RemoteWebDriver.java:548)<br />
              org.openqa.selenium.remote.RemoteWebDriver.findElement(RemoteWebDriver.java:307)<br />
              org.openqa.selenium.remote.RemoteWebDriver.findElementById(RemoteWebDriver.java:348)<br />
              org.openqa.selenium.By$ById.findElement(By.java:216)<br />
              org.openqa.selenium.remote.RemoteWebDriver.findElement(RemoteWebDriver.java:299)<br />
              org.openqa.selenium.support.ui.ExpectedConditions.findElement(ExpectedConditions.java:523)<br />
              org.openqa.selenium.support.ui.ExpectedConditions.access$0(ExpectedConditions.java:521)<br />
              org.openqa.selenium.support.ui.ExpectedConditions$3.apply(ExpectedConditions.java:106)<br />
              org.openqa.selenium.support.ui.ExpectedConditions$3.apply(ExpectedConditions.java:1)<br />
              org.openqa.selenium.support.ui.FluentWait.until(FluentWait.java:208)<br />
              cpa.qa.util.Keywords.ReachSavedSearches(Keywords.java:1499)<br />
              cpa.qa.util.Keywords.executeTest(Keywords.java:173)<br />
              cpa.qa.testcases.SavedSearches.doSavedSearches(SavedSearches.java:29)<br />
              sun.reflect.NativeMethodAccessorImpl.invoke0(Native Method)<br />
              sun.reflect.NativeMethodAccessorImpl.invoke(NativeMethodAccessorImpl.java:57)<br />
              sun.reflect.DelegatingMethodAccessorImpl.invoke(DelegatingMethodAccessorImpl.java:43)<br />
              java.lang.reflect.Method.invoke(Method.java:601)<br />
              org.testng.internal.MethodInvocationHelper.invokeMethod(MethodInvocationHelper.java:80)<br />
              org.testng.internal.Invoker.invokeMethod(Invoker.java:714)<br />
              org.testng.internal.Invoker.invokeTestMethod(Invoker.java:901)<br />
              org.testng.internal.Invoker.invokeTestMethods(Invoker.java:1231)<br />
              org.testng.internal.TestMethodWorker.invokeTestMethods(TestMethodWorker.java:127)<br />
              org.testng.internal.TestMethodWorker.run(TestMethodWorker.java:111)<br />
              org.testng.TestRunner.privateRun(TestRunner.java:767)<br />
              org.testng.TestRunner.run(TestRunner.java:617)<br />
              org.testng.SuiteRunner.runTest(SuiteRunner.java:334)<br />
              org.testng.SuiteRunner.runSequentially(SuiteRunner.java:329)<br />
              org.testng.SuiteRunner.privateRun(SuiteRunner.java:291)<br />
              org.testng.SuiteRunner.run(SuiteRunner.java:240)<br />
              org.testng.SuiteRunnerWorker.runSuite(SuiteRunnerWorker.java:52)<br />
              org.testng.SuiteRunnerWorker.run(SuiteRunnerWorker.java:86)<br />
              org.testng.TestNG.runSuitesSequentially(TestNG.java:1198)<br />
              org.testng.TestNG.runSuitesLocally(TestNG.java:1123)<br />
              org.testng.TestNG.run(TestNG.java:1031)<br />
              org.testng.TestNG.privateMain(TestNG.java:1338)<br />
              org.testng.TestNG.main(TestNG.java:1307)<br />
                    <b>Caused by: </b> <a href="javascript:toggleElement('exception-1', 'block')" title="Click to expand/collapse">org.openqa.selenium.WebDriverException: java.net.SocketException: Connection reset<br/>
Build info: version: &apos;2.31.0&apos;, revision: &apos;1bd294d&apos;, time: &apos;2013-02-27 20:53:56&apos;<br/>
System info: os.name: &apos;Windows 7&apos;, os.arch: &apos;amd64&apos;, os.version: &apos;6.1&apos;, java.version: &apos;1.7.0_17&apos;<br/>
Driver info: driver.version: RemoteWebDriver</a><br />
        <div class="stackTrace" id="exception-1">
                      org.openqa.selenium.remote.service.DriverCommandExecutor.execute(DriverCommandExecutor.java:75)<br />
                      org.openqa.selenium.remote.RemoteWebDriver.execute(RemoteWebDriver.java:527)<br />
                      org.openqa.selenium.remote.RemoteWebDriver.findElement(RemoteWebDriver.java:307)<br />
                      org.openqa.selenium.remote.RemoteWebDriver.findElementById(RemoteWebDriver.java:348)<br />
                      org.openqa.selenium.By$ById.findElement(By.java:216)<br />
                      org.openqa.selenium.remote.RemoteWebDriver.findElement(RemoteWebDriver.java:299)<br />
                      org.openqa.selenium.support.ui.ExpectedConditions.findElement(ExpectedConditions.java:523)<br />
                      org.openqa.selenium.support.ui.ExpectedConditions.access$0(ExpectedConditions.java:521)<br />
                      org.openqa.selenium.support.ui.ExpectedConditions$3.apply(ExpectedConditions.java:106)<br />
                      org.openqa.selenium.support.ui.ExpectedConditions$3.apply(ExpectedConditions.java:1)<br />
                      org.openqa.selenium.support.ui.FluentWait.until(FluentWait.java:208)<br />
                      cpa.qa.util.Keywords.ReachSavedSearches(Keywords.java:1499)<br />
                      cpa.qa.util.Keywords.executeTest(Keywords.java:173)<br />
                      cpa.qa.testcases.SavedSearches.doSavedSearches(SavedSearches.java:29)<br />
                      sun.reflect.NativeMethodAccessorImpl.invoke0(Native Method)<br />
                      sun.reflect.NativeMethodAccessorImpl.invoke(NativeMethodAccessorImpl.java:57)<br />
                      sun.reflect.DelegatingMethodAccessorImpl.invoke(DelegatingMethodAccessorImpl.java:43)<br />
                      java.lang.reflect.Method.invoke(Method.java:601)<br />
                      org.testng.internal.MethodInvocationHelper.invokeMethod(MethodInvocationHelper.java:80)<br />
                      org.testng.internal.Invoker.invokeMethod(Invoker.java:714)<br />
                      org.testng.internal.Invoker.invokeTestMethod(Invoker.java:901)<br />
                      org.testng.internal.Invoker.invokeTestMethods(Invoker.java:1231)<br />
                      org.testng.internal.TestMethodWorker.invokeTestMethods(TestMethodWorker.java:127)<br />
                      org.testng.internal.TestMethodWorker.run(TestMethodWorker.java:111)<br />
                      org.testng.TestRunner.privateRun(TestRunner.java:767)<br />
                      org.testng.TestRunner.run(TestRunner.java:617)<br />
                      org.testng.SuiteRunner.runTest(SuiteRunner.java:334)<br />
                      org.testng.SuiteRunner.runSequentially(SuiteRunner.java:329)<br />
                      org.testng.SuiteRunner.privateRun(SuiteRunner.java:291)<br />
                      org.testng.SuiteRunner.run(SuiteRunner.java:240)<br />
                      org.testng.SuiteRunnerWorker.runSuite(SuiteRunnerWorker.java:52)<br />
                      org.testng.SuiteRunnerWorker.run(SuiteRunnerWorker.java:86)<br />
                      org.testng.TestNG.runSuitesSequentially(TestNG.java:1198)<br />
                      org.testng.TestNG.runSuitesLocally(TestNG.java:1123)<br />
                      org.testng.TestNG.run(TestNG.java:1031)<br />
                      org.testng.TestNG.privateMain(TestNG.java:1338)<br />
                      org.testng.TestNG.main(TestNG.java:1307)<br />
                  </div>
              <b>Caused by: </b> <a href="javascript:toggleElement('exception-2', 'block')" title="Click to expand/collapse">java.net.SocketException: Connection reset</a><br />
        <div class="stackTrace" id="exception-2">
                      java.net.SocketInputStream.read(SocketInputStream.java:189)<br />
                      java.net.SocketInputStream.read(SocketInputStream.java:121)<br />
                      org.apache.http.impl.io.AbstractSessionInputBuffer.fillBuffer(AbstractSessionInputBuffer.java:166)<br />
                      org.apache.http.impl.io.SocketInputBuffer.fillBuffer(SocketInputBuffer.java:90)<br />
                      org.apache.http.impl.io.AbstractSessionInputBuffer.readLine(AbstractSessionInputBuffer.java:281)<br />
                      org.apache.http.impl.conn.DefaultHttpResponseParser.parseHead(DefaultHttpResponseParser.java:92)<br />
                      org.apache.http.impl.conn.DefaultHttpResponseParser.parseHead(DefaultHttpResponseParser.java:62)<br />
                      org.apache.http.impl.io.AbstractMessageParser.parse(AbstractMessageParser.java:254)<br />
                      org.apache.http.impl.AbstractHttpClientConnection.receiveResponseHeader(AbstractHttpClientConnection.java:289)<br />
                      org.apache.http.impl.conn.DefaultClientConnection.receiveResponseHeader(DefaultClientConnection.java:252)<br />
                      org.apache.http.impl.conn.AbstractClientConnAdapter.receiveResponseHeader(AbstractClientConnAdapter.java:219)<br />
                      org.apache.http.protocol.HttpRequestExecutor.doReceiveResponse(HttpRequestExecutor.java:300)<br />
                      org.apache.http.protocol.HttpRequestExecutor.execute(HttpRequestExecutor.java:127)<br />
                      org.apache.http.impl.client.DefaultRequestDirector.tryExecute(DefaultRequestDirector.java:712)<br />
                      org.apache.http.impl.client.DefaultRequestDirector.execute(DefaultRequestDirector.java:517)<br />
                      org.apache.http.impl.client.AbstractHttpClient.execute(AbstractHttpClient.java:906)<br />
                      org.openqa.selenium.remote.HttpCommandExecutor.fallBackExecute(HttpCommandExecutor.java:316)<br />
                      org.openqa.selenium.remote.HttpCommandExecutor.execute(HttpCommandExecutor.java:295)<br />
                      org.openqa.selenium.remote.service.DriverCommandExecutor.execute(DriverCommandExecutor.java:66)<br />
                      org.openqa.selenium.remote.RemoteWebDriver.execute(RemoteWebDriver.java:527)<br />
                      org.openqa.selenium.remote.RemoteWebDriver.findElement(RemoteWebDriver.java:307)<br />
                      org.openqa.selenium.remote.RemoteWebDriver.findElementById(RemoteWebDriver.java:348)<br />
                      org.openqa.selenium.By$ById.findElement(By.java:216)<br />
                      org.openqa.selenium.remote.RemoteWebDriver.findElement(RemoteWebDriver.java:299)<br />
                      org.openqa.selenium.support.ui.ExpectedConditions.findElement(ExpectedConditions.java:523)<br />
                      org.openqa.selenium.support.ui.ExpectedConditions.access$0(ExpectedConditions.java:521)<br />
                      org.openqa.selenium.support.ui.ExpectedConditions$3.apply(ExpectedConditions.java:106)<br />
                      org.openqa.selenium.support.ui.ExpectedConditions$3.apply(ExpectedConditions.java:1)<br />
                      org.openqa.selenium.support.ui.FluentWait.until(FluentWait.java:208)<br />
                      cpa.qa.util.Keywords.ReachSavedSearches(Keywords.java:1499)<br />
                      cpa.qa.util.Keywords.executeTest(Keywords.java:173)<br />
                      cpa.qa.testcases.SavedSearches.doSavedSearches(SavedSearches.java:29)<br />
                      sun.reflect.NativeMethodAccessorImpl.invoke0(Native Method)<br />
                      sun.reflect.NativeMethodAccessorImpl.invoke(NativeMethodAccessorImpl.java:57)<br />
                      sun.reflect.DelegatingMethodAccessorImpl.invoke(DelegatingMethodAccessorImpl.java:43)<br />
                      java.lang.reflect.Method.invoke(Method.java:601)<br />
                      org.testng.internal.MethodInvocationHelper.invokeMethod(MethodInvocationHelper.java:80)<br />
                      org.testng.internal.Invoker.invokeMethod(Invoker.java:714)<br />
                      org.testng.internal.Invoker.invokeTestMethod(Invoker.java:901)<br />
                      org.testng.internal.Invoker.invokeTestMethods(Invoker.java:1231)<br />
                      org.testng.internal.TestMethodWorker.invokeTestMethods(TestMethodWorker.java:127)<br />
                      org.testng.internal.TestMethodWorker.run(TestMethodWorker.java:111)<br />
                      org.testng.TestRunner.privateRun(TestRunner.java:767)<br />
                      org.testng.TestRunner.run(TestRunner.java:617)<br />
                      org.testng.SuiteRunner.runTest(SuiteRunner.java:334)<br />
                      org.testng.SuiteRunner.runSequentially(SuiteRunner.java:329)<br />
                      org.testng.SuiteRunner.privateRun(SuiteRunner.java:291)<br />
                      org.testng.SuiteRunner.run(SuiteRunner.java:240)<br />
                      org.testng.SuiteRunnerWorker.runSuite(SuiteRunnerWorker.java:52)<br />
                      org.testng.SuiteRunnerWorker.run(SuiteRunnerWorker.java:86)<br />
                      org.testng.TestNG.runSuitesSequentially(TestNG.java:1198)<br />
                      org.testng.TestNG.runSuitesLocally(TestNG.java:1123)<br />
                      org.testng.TestNG.run(TestNG.java:1031)<br />
                      org.testng.TestNG.privateMain(TestNG.java:1338)<br />
                      org.testng.TestNG.main(TestNG.java:1307)<br />
                  </div>
          </div>
      </td>
</tr>
      </table>


  
</body>
</html>
